# JRE version: OpenJDK Runtime Environment (21.0.5) (build 21.0.5+-13047016-b750.29)
# Java VM: OpenJDK 64-Bit Server VM (21.0.5+-13047016-b750.29, mixed mode, tiered, compressed oops, compressed class ptrs, g1 gc, windows-amd64)
GC Precious Log:
 CardTable entry size: 512
 Card Set container configuration: InlinePtr #cards 5 size 8 Array Of Cards #cards 12 size 40 Howl #buckets 4 coarsen threshold 1843 Howl Bitmap #cards 512 size 80 coarsen threshold 460 Card regions per heap region 1 cards per card region 2048
 CPUs: 8 total, 8 available
 Memory: 8006M
 Large Page Support: Disabled
 NUMA Support: Disabled
 Compressed Oops: Enabled (32-bit)
 Heap Region Size: 1M
 Heap Min Capacity: 8M
 Heap Initial Capacity: 126M
 Heap Max Capacity: 2G
 Pre-touch: Disabled
 Parallel Workers: 8
 Concurrent Workers: 2
 Concurrent Refinement Workers: 8
 Periodic GC: Disabled
Heap:
 garbage-first heap   total 165888K, used 109161K [0x0000000080000000, 0x0000000100000000)
  region size 1024K, 4 young (4096K), 4 survivors (4096K)
 Metaspace       used 106256K, committed 108416K, reserved 1179648K
  class space    used 14507K, committed 15552K, reserved 1048576K
GC Heap History (20 events):
Event: 17.235 GC heap after
{Heap after GC invocations=25 (full 0):
 garbage-first heap   total 114688K, used 68045K [0x0000000080000000, 0x0000000100000000)
  region size 1024K, 6 young (6144K), 6 survivors (6144K)
 Metaspace       used 79121K, committed 81024K, reserved 1179648K
  class space    used 10698K, committed 11648K, reserved 1048576K
}
Event: 17.860 GC heap before
{Heap before GC invocations=25 (full 0):
 garbage-first heap   total 114688K, used 100813K [0x0000000080000000, 0x0000000100000000)
  region size 1024K, 38 young (38912K), 6 survivors (6144K)
 Metaspace       used 81815K, committed 83648K, reserved 1179648K
  class space    used 11034K, committed 11968K, reserved 1048576K
}
Event: 17.869 GC heap after
{Heap after GC invocations=26 (full 0):
 garbage-first heap   total 114688K, used 69501K [0x0000000080000000, 0x0000000100000000)
  region size 1024K, 3 young (3072K), 3 survivors (3072K)
 Metaspace       used 81815K, committed 83648K, reserved 1179648K
  class space    used 11034K, committed 11968K, reserved 1048576K
}
Event: 18.540 GC heap before
{Heap before GC invocations=26 (full 0):
 garbage-first heap   total 114688K, used 103293K [0x0000000080000000, 0x0000000100000000)
  region size 1024K, 36 young (36864K), 3 survivors (3072K)
 Metaspace       used 83835K, committed 85696K, reserved 1179648K
  class space    used 11288K, committed 12224K, reserved 1048576K
}
Event: 18.547 GC heap after
{Heap after GC invocations=27 (full 0):
 garbage-first heap   total 138240K, used 72299K [0x0000000080000000, 0x0000000100000000)
  region size 1024K, 5 young (5120K), 5 survivors (5120K)
 Metaspace       used 83835K, committed 85696K, reserved 1179648K
  class space    used 11288K, committed 12224K, reserved 1048576K
}
Event: 19.555 GC heap before
{Heap before GC invocations=28 (full 0):
 garbage-first heap   total 138240K, used 120427K [0x0000000080000000, 0x0000000100000000)
  region size 1024K, 52 young (53248K), 5 survivors (5120K)
 Metaspace       used 87616K, committed 89536K, reserved 1179648K
  class space    used 11908K, committed 12864K, reserved 1048576K
}
Event: 19.562 GC heap after
{Heap after GC invocations=29 (full 0):
 garbage-first heap   total 138240K, used 73433K [0x0000000080000000, 0x0000000100000000)
  region size 1024K, 5 young (5120K), 5 survivors (5120K)
 Metaspace       used 87616K, committed 89536K, reserved 1179648K
  class space    used 11908K, committed 12864K, reserved 1048576K
}
Event: 20.440 GC heap before
{Heap before GC invocations=29 (full 0):
 garbage-first heap   total 138240K, used 121561K [0x0000000080000000, 0x0000000100000000)
  region size 1024K, 52 young (53248K), 5 survivors (5120K)
 Metaspace       used 91368K, committed 93376K, reserved 1179648K
  class space    used 12513K, committed 13504K, reserved 1048576K
}
Event: 20.449 GC heap after
{Heap after GC invocations=30 (full 0):
 garbage-first heap   total 138240K, used 75183K [0x0000000080000000, 0x0000000100000000)
  region size 1024K, 4 young (4096K), 4 survivors (4096K)
 Metaspace       used 91368K, committed 93376K, reserved 1179648K
  class space    used 12513K, committed 13504K, reserved 1048576K
}
Event: 21.445 GC heap before
{Heap before GC invocations=30 (full 0):
 garbage-first heap   total 138240K, used 123311K [0x0000000080000000, 0x0000000100000000)
  region size 1024K, 51 young (52224K), 4 survivors (4096K)
 Metaspace       used 95449K, committed 97536K, reserved 1179648K
  class space    used 13098K, committed 14144K, reserved 1048576K
}
Event: 21.452 GC heap after
{Heap after GC invocations=31 (full 0):
 garbage-first heap   total 138240K, used 77915K [0x0000000080000000, 0x0000000100000000)
  region size 1024K, 6 young (6144K), 6 survivors (6144K)
 Metaspace       used 95449K, committed 97536K, reserved 1179648K
  class space    used 13098K, committed 14144K, reserved 1048576K
}
Event: 22.366 GC heap before
{Heap before GC invocations=32 (full 0):
 garbage-first heap   total 138240K, used 122971K [0x0000000080000000, 0x0000000100000000)
  region size 1024K, 50 young (51200K), 6 survivors (6144K)
 Metaspace       used 99070K, committed 101184K, reserved 1179648K
  class space    used 13657K, committed 14720K, reserved 1048576K
}
Event: 22.376 GC heap after
{Heap after GC invocations=33 (full 0):
 garbage-first heap   total 138240K, used 81457K [0x0000000080000000, 0x0000000100000000)
  region size 1024K, 6 young (6144K), 6 survivors (6144K)
 Metaspace       used 99070K, committed 101184K, reserved 1179648K
  class space    used 13657K, committed 14720K, reserved 1048576K
}
Event: 23.408 GC heap before
{Heap before GC invocations=33 (full 0):
 garbage-first heap   total 138240K, used 123441K [0x0000000080000000, 0x0000000100000000)
  region size 1024K, 47 young (48128K), 6 survivors (6144K)
 Metaspace       used 101886K, committed 104064K, reserved 1179648K
  class space    used 14088K, committed 15168K, reserved 1048576K
}
Event: 23.421 GC heap after
{Heap after GC invocations=34 (full 0):
 garbage-first heap   total 138240K, used 84992K [0x0000000080000000, 0x0000000100000000)
  region size 1024K, 6 young (6144K), 6 survivors (6144K)
 Metaspace       used 101886K, committed 104064K, reserved 1179648K
  class space    used 14088K, committed 15168K, reserved 1048576K
}
Event: 24.093 GC heap before
{Heap before GC invocations=34 (full 0):
 garbage-first heap   total 138240K, used 122880K [0x0000000080000000, 0x0000000100000000)
  region size 1024K, 44 young (45056K), 6 survivors (6144K)
 Metaspace       used 102339K, committed 104448K, reserved 1179648K
  class space    used 14167K, committed 15232K, reserved 1048576K
}
Event: 24.102 GC heap after
{Heap after GC invocations=35 (full 0):
 garbage-first heap   total 138240K, used 89173K [0x0000000080000000, 0x0000000100000000)
  region size 1024K, 5 young (5120K), 5 survivors (5120K)
 Metaspace       used 102339K, committed 104448K, reserved 1179648K
  class space    used 14167K, committed 15232K, reserved 1048576K
}
Event: 24.972 GC heap before
{Heap before GC invocations=36 (full 0):
 garbage-first heap   total 162816K, used 129109K [0x0000000080000000, 0x0000000100000000)
  region size 1024K, 38 young (38912K), 5 survivors (5120K)
 Metaspace       used 104897K, committed 107008K, reserved 1179648K
  class space    used 14354K, committed 15424K, reserved 1048576K
}
Event: 24.988 GC heap after
{Heap after GC invocations=37 (full 0):
 garbage-first heap   total 162816K, used 105472K [0x0000000080000000, 0x0000000100000000)
  region size 1024K, 5 young (5120K), 5 survivors (5120K)
 Metaspace       used 104897K, committed 107008K, reserved 1179648K
  class space    used 14354K, committed 15424K, reserved 1048576K
}
Event: 25.807 GC heap before
{Heap before GC invocations=37 (full 0):
 garbage-first heap   total 162816K, used 152576K [0x0000000080000000, 0x0000000100000000)
  region size 1024K, 37 young (37888K), 5 survivors (5120K)
 Metaspace       used 106256K, committed 108416K, reserved 1179648K
  class space    used 14507K, committed 15552K, reserved 1048576K
}

