# JRE version: OpenJDK Runtime Environment (21.0.5) (build 21.0.5+-13047016-b750.29)
# Java VM: OpenJDK 64-Bit Server VM (21.0.5+-13047016-b750.29, mixed mode, tiered, compressed oops, compressed class ptrs, g1 gc, windows-amd64)
GC Precious Log:
 CardTable entry size: 512
 Card Set container configuration: InlinePtr #cards 5 size 8 Array Of Cards #cards 12 size 40 Howl #buckets 4 coarsen threshold 1843 Howl Bitmap #cards 512 size 80 coarsen threshold 460 Card regions per heap region 1 cards per card region 2048
 CPUs: 8 total, 8 available
 Memory: 8006M
 Large Page Support: Disabled
 NUMA Support: Disabled
 Compressed Oops: Enabled (32-bit)
 Heap Region Size: 1M
 Heap Min Capacity: 8M
 Heap Initial Capacity: 126M
 Heap Max Capacity: 2G
 Pre-touch: Disabled
 Parallel Workers: 8
 Concurrent Workers: 2
 Concurrent Refinement Workers: 8
 Periodic GC: Disabled
Heap:
 garbage-first heap   total 165888K, used 131399K [0x0000000080000000, 0x0000000100000000)
  region size 1024K, 41 young (41984K), 5 survivors (5120K)
 Metaspace       used 105745K, committed 107968K, reserved 1179648K
  class space    used 14517K, committed 15616K, reserved 1048576K
GC Heap History (20 events):
Event: 16.556 GC heap before
{Heap before GC invocations=22 (full 0):
 garbage-first heap   total 108544K, used 89699K [0x0000000080000000, 0x0000000100000000)
  region size 1024K, 31 young (31744K), 2 survivors (2048K)
 Metaspace       used 77115K, committed 78912K, reserved 1179648K
  class space    used 10412K, committed 11328K, reserved 1048576K
}
Event: 16.561 GC heap after
{Heap after GC invocations=23 (full 0):
 garbage-first heap   total 108544K, used 63388K [0x0000000080000000, 0x0000000100000000)
  region size 1024K, 4 young (4096K), 4 survivors (4096K)
 Metaspace       used 77115K, committed 78912K, reserved 1179648K
  class space    used 10412K, committed 11328K, reserved 1048576K
}
Event: 17.153 GC heap before
{Heap before GC invocations=24 (full 0):
 garbage-first heap   total 114688K, used 101276K [0x0000000080000000, 0x0000000100000000)
  region size 1024K, 36 young (36864K), 4 survivors (4096K)
 Metaspace       used 78714K, committed 80512K, reserved 1179648K
  class space    used 10640K, committed 11584K, reserved 1048576K
}
Event: 17.160 GC heap after
{Heap after GC invocations=25 (full 0):
 garbage-first heap   total 114688K, used 67327K [0x0000000080000000, 0x0000000100000000)
  region size 1024K, 5 young (5120K), 5 survivors (5120K)
 Metaspace       used 78714K, committed 80512K, reserved 1179648K
  class space    used 10640K, committed 11584K, reserved 1048576K
}
Event: 17.829 GC heap before
{Heap before GC invocations=25 (full 0):
 garbage-first heap   total 114688K, used 102143K [0x0000000080000000, 0x0000000100000000)
  region size 1024K, 39 young (39936K), 5 survivors (5120K)
 Metaspace       used 81357K, committed 83200K, reserved 1179648K
  class space    used 10973K, committed 11904K, reserved 1048576K
}
Event: 17.838 GC heap after
{Heap after GC invocations=26 (full 0):
 garbage-first heap   total 138240K, used 69020K [0x0000000080000000, 0x0000000100000000)
  region size 1024K, 2 young (2048K), 2 survivors (2048K)
 Metaspace       used 81357K, committed 83200K, reserved 1179648K
  class space    used 10973K, committed 11904K, reserved 1048576K
}
Event: 18.768 GC heap before
{Heap before GC invocations=26 (full 0):
 garbage-first heap   total 138240K, used 116124K [0x0000000080000000, 0x0000000100000000)
  region size 1024K, 48 young (49152K), 2 survivors (2048K)
 Metaspace       used 84591K, committed 86528K, reserved 1179648K
  class space    used 11406K, committed 12352K, reserved 1048576K
}
Event: 18.775 GC heap after
{Heap after GC invocations=27 (full 0):
 garbage-first heap   total 138240K, used 72556K [0x0000000080000000, 0x0000000100000000)
  region size 1024K, 6 young (6144K), 6 survivors (6144K)
 Metaspace       used 84591K, committed 86528K, reserved 1179648K
  class space    used 11406K, committed 12352K, reserved 1048576K
}
Event: 19.773 GC heap before
{Heap before GC invocations=28 (full 0):
 garbage-first heap   total 138240K, used 118636K [0x0000000080000000, 0x0000000100000000)
  region size 1024K, 51 young (52224K), 6 survivors (6144K)
 Metaspace       used 88198K, committed 90176K, reserved 1179648K
  class space    used 12035K, committed 12992K, reserved 1048576K
}
Event: 19.781 GC heap after
{Heap after GC invocations=29 (full 0):
 garbage-first heap   total 138240K, used 74050K [0x0000000080000000, 0x0000000100000000)
  region size 1024K, 6 young (6144K), 6 survivors (6144K)
 Metaspace       used 88198K, committed 90176K, reserved 1179648K
  class space    used 12035K, committed 12992K, reserved 1048576K
}
Event: 20.712 GC heap before
{Heap before GC invocations=29 (full 0):
 garbage-first heap   total 138240K, used 121154K [0x0000000080000000, 0x0000000100000000)
  region size 1024K, 52 young (53248K), 6 survivors (6144K)
 Metaspace       used 92224K, committed 94272K, reserved 1179648K
  class space    used 12629K, committed 13632K, reserved 1048576K
}
Event: 20.722 GC heap after
{Heap after GC invocations=30 (full 0):
 garbage-first heap   total 138240K, used 76287K [0x0000000080000000, 0x0000000100000000)
  region size 1024K, 5 young (5120K), 5 survivors (5120K)
 Metaspace       used 92224K, committed 94272K, reserved 1179648K
  class space    used 12629K, committed 13632K, reserved 1048576K
}
Event: 21.658 GC heap before
{Heap before GC invocations=30 (full 0):
 garbage-first heap   total 138240K, used 122367K [0x0000000080000000, 0x0000000100000000)
  region size 1024K, 50 young (51200K), 5 survivors (5120K)
 Metaspace       used 95844K, committed 97920K, reserved 1179648K
  class space    used 13175K, committed 14208K, reserved 1048576K
}
Event: 21.667 GC heap after
{Heap after GC invocations=31 (full 0):
 garbage-first heap   total 138240K, used 78650K [0x0000000080000000, 0x0000000100000000)
  region size 1024K, 5 young (5120K), 5 survivors (5120K)
 Metaspace       used 95844K, committed 97920K, reserved 1179648K
  class space    used 13175K, committed 14208K, reserved 1048576K
}
Event: 22.676 GC heap before
{Heap before GC invocations=32 (full 0):
 garbage-first heap   total 138240K, used 124730K [0x0000000080000000, 0x0000000100000000)
  region size 1024K, 50 young (51200K), 5 survivors (5120K)
 Metaspace       used 99493K, committed 101632K, reserved 1179648K
  class space    used 13707K, committed 14784K, reserved 1048576K
}
Event: 22.685 GC heap after
{Heap after GC invocations=33 (full 0):
 garbage-first heap   total 138240K, used 82290K [0x0000000080000000, 0x0000000100000000)
  region size 1024K, 6 young (6144K), 6 survivors (6144K)
 Metaspace       used 99493K, committed 101632K, reserved 1179648K
  class space    used 13707K, committed 14784K, reserved 1048576K
}
Event: 23.612 GC heap before
{Heap before GC invocations=33 (full 0):
 garbage-first heap   total 138240K, used 122226K [0x0000000080000000, 0x0000000100000000)
  region size 1024K, 46 young (47104K), 6 survivors (6144K)
 Metaspace       used 101824K, committed 103936K, reserved 1179648K
  class space    used 14072K, committed 15104K, reserved 1048576K
}
Event: 23.627 GC heap after
{Heap after GC invocations=34 (full 0):
 garbage-first heap   total 138240K, used 86718K [0x0000000080000000, 0x0000000100000000)
  region size 1024K, 6 young (6144K), 6 survivors (6144K)
 Metaspace       used 101824K, committed 103936K, reserved 1179648K
  class space    used 14072K, committed 15104K, reserved 1048576K
}
Event: 23.982 GC heap before
{Heap before GC invocations=34 (full 0):
 garbage-first heap   total 138240K, used 115390K [0x0000000080000000, 0x0000000100000000)
  region size 1024K, 36 young (36864K), 6 survivors (6144K)
 Metaspace       used 102089K, committed 104192K, reserved 1179648K
  class space    used 14121K, committed 15168K, reserved 1048576K
}
Event: 23.990 GC heap after
{Heap after GC invocations=35 (full 0):
 garbage-first heap   total 165888K, used 89415K [0x0000000080000000, 0x0000000100000000)
  region size 1024K, 5 young (5120K), 5 survivors (5120K)
 Metaspace       used 102089K, committed 104192K, reserved 1179648K
  class space    used 14121K, committed 15168K, reserved 1048576K
}

