# JRE version: OpenJDK Runtime Environment (21.0.5) (build 21.0.5+-13047016-b750.29)
# Java VM: OpenJDK 64-Bit Server VM (21.0.5+-13047016-b750.29, mixed mode, tiered, compressed oops, compressed class ptrs, g1 gc, windows-amd64)
GC Precious Log:
 CardTable entry size: 512
 Card Set container configuration: InlinePtr #cards 5 size 8 Array Of Cards #cards 12 size 40 Howl #buckets 4 coarsen threshold 1843 Howl Bitmap #cards 512 size 80 coarsen threshold 460 Card regions per heap region 1 cards per card region 2048
 CPUs: 8 total, 8 available
 Memory: 8006M
 Large Page Support: Disabled
 NUMA Support: Disabled
 Compressed Oops: Enabled (32-bit)
 Heap Region Size: 1M
 Heap Min Capacity: 8M
 Heap Initial Capacity: 126M
 Heap Max Capacity: 2G
 Pre-touch: Disabled
 Parallel Workers: 8
 Concurrent Workers: 2
 Concurrent Refinement Workers: 8
 Periodic GC: Disabled
Heap:
 garbage-first heap   total 269312K, used 207423K [0x0000000080000000, 0x0000000100000000)
  region size 1024K, 69 young (70656K), 9 survivors (9216K)
 Metaspace       used 150662K, committed 152960K, reserved 1245184K
  class space    used 20254K, committed 21376K, reserved 1048576K
GC Heap History (20 events):
Event: 49.779 GC heap before
{Heap before GC invocations=54 (full 0):
 garbage-first heap   total 222208K, used 133400K [0x0000000080000000, 0x0000000100000000)
  region size 1024K, 7 young (7168K), 5 survivors (5120K)
 Metaspace       used 142343K, committed 144768K, reserved 1179648K
  class space    used 19260K, committed 20480K, reserved 1048576K
}
Event: 49.786 GC heap after
{Heap after GC invocations=55 (full 0):
 garbage-first heap   total 222208K, used 132216K [0x0000000080000000, 0x0000000100000000)
  region size 1024K, 5 young (5120K), 5 survivors (5120K)
 Metaspace       used 142343K, committed 144768K, reserved 1179648K
  class space    used 19260K, committed 20480K, reserved 1048576K
}
Event: 51.494 GC heap before
{Heap before GC invocations=56 (full 0):
 garbage-first heap   total 222208K, used 191608K [0x0000000080000000, 0x0000000100000000)
  region size 1024K, 63 young (64512K), 5 survivors (5120K)
 Metaspace       used 145952K, committed 148288K, reserved 1179648K
  class space    used 19877K, committed 21056K, reserved 1048576K
}
Event: 51.501 GC heap after
{Heap after GC invocations=57 (full 0):
 garbage-first heap   total 222208K, used 130374K [0x0000000080000000, 0x0000000100000000)
  region size 1024K, 4 young (4096K), 4 survivors (4096K)
 Metaspace       used 145952K, committed 148288K, reserved 1179648K
  class space    used 19877K, committed 21056K, reserved 1048576K
}
Event: 151.481 GC heap before
{Heap before GC invocations=57 (full 0):
 garbage-first heap   total 222208K, used 208198K [0x0000000080000000, 0x0000000100000000)
  region size 1024K, 68 young (69632K), 4 survivors (4096K)
 Metaspace       used 148796K, committed 151104K, reserved 1179648K
  class space    used 20231K, committed 21376K, reserved 1048576K
}
Event: 151.495 GC heap after
{Heap after GC invocations=58 (full 0):
 garbage-first heap   total 222208K, used 126603K [0x0000000080000000, 0x0000000100000000)
  region size 1024K, 7 young (7168K), 7 survivors (7168K)
 Metaspace       used 148796K, committed 151104K, reserved 1179648K
  class space    used 20231K, committed 21376K, reserved 1048576K
}
Event: 376.548 GC heap before
{Heap before GC invocations=58 (full 0):
 garbage-first heap   total 222208K, used 198283K [0x0000000080000000, 0x0000000100000000)
  region size 1024K, 78 young (79872K), 7 survivors (7168K)
 Metaspace       used 149305K, committed 151616K, reserved 1179648K
  class space    used 20236K, committed 21376K, reserved 1048576K
}
Event: 376.572 GC heap after
{Heap after GC invocations=59 (full 0):
 garbage-first heap   total 222208K, used 125015K [0x0000000080000000, 0x0000000100000000)
  region size 1024K, 4 young (4096K), 4 survivors (4096K)
 Metaspace       used 149305K, committed 151616K, reserved 1179648K
  class space    used 20236K, committed 21376K, reserved 1048576K
}
Event: 378.400 GC heap before
{Heap before GC invocations=60 (full 0):
 garbage-first heap   total 222208K, used 200791K [0x0000000080000000, 0x0000000100000000)
  region size 1024K, 81 young (82944K), 4 survivors (4096K)
 Metaspace       used 149593K, committed 151872K, reserved 1245184K
  class space    used 20240K, committed 21376K, reserved 1048576K
}
Event: 378.425 GC heap after
{Heap after GC invocations=61 (full 0):
 garbage-first heap   total 222208K, used 130435K [0x0000000080000000, 0x0000000100000000)
  region size 1024K, 11 young (11264K), 11 survivors (11264K)
 Metaspace       used 149593K, committed 151872K, reserved 1245184K
  class space    used 20240K, committed 21376K, reserved 1048576K
}
Event: 566.677 GC heap before
{Heap before GC invocations=61 (full 0):
 garbage-first heap   total 222208K, used 196995K [0x0000000080000000, 0x0000000100000000)
  region size 1024K, 77 young (78848K), 11 survivors (11264K)
 Metaspace       used 149841K, committed 152192K, reserved 1245184K
  class space    used 20241K, committed 21376K, reserved 1048576K
}
Event: 566.745 GC heap after
{Heap after GC invocations=62 (full 0):
 garbage-first heap   total 222208K, used 130065K [0x0000000080000000, 0x0000000100000000)
  region size 1024K, 7 young (7168K), 7 survivors (7168K)
 Metaspace       used 149841K, committed 152192K, reserved 1245184K
  class space    used 20241K, committed 21376K, reserved 1048576K
}
Event: 571.719 GC heap before
{Heap before GC invocations=62 (full 0):
 garbage-first heap   total 222208K, used 200721K [0x0000000080000000, 0x0000000100000000)
  region size 1024K, 77 young (78848K), 7 survivors (7168K)
 Metaspace       used 150142K, committed 152448K, reserved 1245184K
  class space    used 20251K, committed 21376K, reserved 1048576K
}
Event: 571.735 GC heap after
{Heap after GC invocations=63 (full 0):
 garbage-first heap   total 222208K, used 136478K [0x0000000080000000, 0x0000000100000000)
  region size 1024K, 7 young (7168K), 7 survivors (7168K)
 Metaspace       used 150142K, committed 152448K, reserved 1245184K
  class space    used 20251K, committed 21376K, reserved 1048576K
}
Event: 679.637 GC heap before
{Heap before GC invocations=64 (full 0):
 garbage-first heap   total 250880K, used 213278K [0x0000000080000000, 0x0000000100000000)
  region size 1024K, 70 young (71680K), 7 survivors (7168K)
 Metaspace       used 150244K, committed 152512K, reserved 1245184K
  class space    used 20249K, committed 21376K, reserved 1048576K
}
Event: 679.675 GC heap after
{Heap after GC invocations=65 (full 0):
 garbage-first heap   total 250880K, used 138136K [0x0000000080000000, 0x0000000100000000)
  region size 1024K, 5 young (5120K), 5 survivors (5120K)
 Metaspace       used 150244K, committed 152512K, reserved 1245184K
  class space    used 20249K, committed 21376K, reserved 1048576K
}
Event: 687.698 GC heap before
{Heap before GC invocations=65 (full 0):
 garbage-first heap   total 250880K, used 246680K [0x0000000080000000, 0x0000000100000000)
  region size 1024K, 95 young (97280K), 5 survivors (5120K)
 Metaspace       used 150445K, committed 152704K, reserved 1245184K
  class space    used 20252K, committed 21376K, reserved 1048576K
}
Event: 687.743 GC heap after
{Heap after GC invocations=66 (full 0):
 garbage-first heap   total 269312K, used 133257K [0x0000000080000000, 0x0000000100000000)
  region size 1024K, 12 young (12288K), 12 survivors (12288K)
 Metaspace       used 150445K, committed 152704K, reserved 1245184K
  class space    used 20252K, committed 21376K, reserved 1048576K
}
Event: 688.121 GC heap before
{Heap before GC invocations=66 (full 0):
 garbage-first heap   total 269312K, used 162953K [0x0000000080000000, 0x0000000100000000)
  region size 1024K, 43 young (44032K), 12 survivors (12288K)
 Metaspace       used 150490K, committed 152832K, reserved 1245184K
  class space    used 20253K, committed 21376K, reserved 1048576K
}
Event: 688.136 GC heap after
{Heap after GC invocations=67 (full 0):
 garbage-first heap   total 269312K, used 134719K [0x0000000080000000, 0x0000000100000000)
  region size 1024K, 9 young (9216K), 9 survivors (9216K)
 Metaspace       used 150490K, committed 152832K, reserved 1245184K
  class space    used 20253K, committed 21376K, reserved 1048576K
}

