# JRE version: OpenJDK Runtime Environment (21.0.5) (build 21.0.5+-13047016-b750.29)
# Java VM: OpenJDK 64-Bit Server VM (21.0.5+-13047016-b750.29, mixed mode, tiered, compressed oops, compressed class ptrs, g1 gc, windows-amd64)
GC Precious Log:
 CardTable entry size: 512
 Card Set container configuration: InlinePtr #cards 5 size 8 Array Of Cards #cards 12 size 40 Howl #buckets 4 coarsen threshold 1843 Howl Bitmap #cards 512 size 80 coarsen threshold 460 Card regions per heap region 1 cards per card region 2048
 CPUs: 8 total, 8 available
 Memory: 8006M
 Large Page Support: Disabled
 NUMA Support: Disabled
 Compressed Oops: Enabled (32-bit)
 Heap Region Size: 1M
 Heap Min Capacity: 8M
 Heap Initial Capacity: 126M
 Heap Max Capacity: 2G
 Pre-touch: Disabled
 Parallel Workers: 8
 Concurrent Workers: 2
 Concurrent Refinement Workers: 8
 Periodic GC: Disabled
Heap:
 garbage-first heap   total 165888K, used 112514K [0x0000000080000000, 0x0000000100000000)
  region size 1024K, 23 young (23552K), 5 survivors (5120K)
 Metaspace       used 104028K, committed 106176K, reserved 1179648K
  class space    used 14308K, committed 15360K, reserved 1048576K
GC Heap History (20 events):
Event: 15.982 GC heap before
{Heap before GC invocations=22 (full 0):
 garbage-first heap   total 108544K, used 90908K [0x0000000080000000, 0x0000000100000000)
  region size 1024K, 32 young (32768K), 2 survivors (2048K)
 Metaspace       used 77196K, committed 78976K, reserved 1179648K
  class space    used 10431K, committed 11328K, reserved 1048576K
}
Event: 15.988 GC heap after
{Heap after GC invocations=23 (full 0):
 garbage-first heap   total 108544K, used 63659K [0x0000000080000000, 0x0000000100000000)
  region size 1024K, 4 young (4096K), 4 survivors (4096K)
 Metaspace       used 77196K, committed 78976K, reserved 1179648K
  class space    used 10431K, committed 11328K, reserved 1048576K
}
Event: 16.534 GC heap before
{Heap before GC invocations=24 (full 0):
 garbage-first heap   total 114688K, used 101547K [0x0000000080000000, 0x0000000100000000)
  region size 1024K, 36 young (36864K), 4 survivors (4096K)
 Metaspace       used 78792K, committed 80640K, reserved 1179648K
  class space    used 10658K, committed 11584K, reserved 1048576K
}
Event: 16.542 GC heap after
{Heap after GC invocations=25 (full 0):
 garbage-first heap   total 114688K, used 67794K [0x0000000080000000, 0x0000000100000000)
  region size 1024K, 5 young (5120K), 5 survivors (5120K)
 Metaspace       used 78792K, committed 80640K, reserved 1179648K
  class space    used 10658K, committed 11584K, reserved 1048576K
}
Event: 17.164 GC heap before
{Heap before GC invocations=25 (full 0):
 garbage-first heap   total 114688K, used 101586K [0x0000000080000000, 0x0000000100000000)
  region size 1024K, 38 young (38912K), 5 survivors (5120K)
 Metaspace       used 81376K, committed 83200K, reserved 1179648K
  class space    used 10973K, committed 11904K, reserved 1048576K
}
Event: 17.173 GC heap after
{Heap after GC invocations=26 (full 0):
 garbage-first heap   total 138240K, used 69427K [0x0000000080000000, 0x0000000100000000)
  region size 1024K, 2 young (2048K), 2 survivors (2048K)
 Metaspace       used 81376K, committed 83200K, reserved 1179648K
  class space    used 10973K, committed 11904K, reserved 1048576K
}
Event: 18.100 GC heap before
{Heap before GC invocations=26 (full 0):
 garbage-first heap   total 138240K, used 116531K [0x0000000080000000, 0x0000000100000000)
  region size 1024K, 48 young (49152K), 2 survivors (2048K)
 Metaspace       used 84595K, committed 86464K, reserved 1179648K
  class space    used 11410K, committed 12352K, reserved 1048576K
}
Event: 18.109 GC heap after
{Heap after GC invocations=27 (full 0):
 garbage-first heap   total 138240K, used 72802K [0x0000000080000000, 0x0000000100000000)
  region size 1024K, 6 young (6144K), 6 survivors (6144K)
 Metaspace       used 84595K, committed 86464K, reserved 1179648K
  class space    used 11410K, committed 12352K, reserved 1048576K
}
Event: 19.194 GC heap before
{Heap before GC invocations=28 (full 0):
 garbage-first heap   total 138240K, used 118882K [0x0000000080000000, 0x0000000100000000)
  region size 1024K, 51 young (52224K), 6 survivors (6144K)
 Metaspace       used 88206K, committed 90112K, reserved 1179648K
  class space    used 12041K, committed 12992K, reserved 1048576K
}
Event: 19.202 GC heap after
{Heap after GC invocations=29 (full 0):
 garbage-first heap   total 138240K, used 74229K [0x0000000080000000, 0x0000000100000000)
  region size 1024K, 5 young (5120K), 5 survivors (5120K)
 Metaspace       used 88206K, committed 90112K, reserved 1179648K
  class space    used 12041K, committed 12992K, reserved 1048576K
}
Event: 20.144 GC heap before
{Heap before GC invocations=29 (full 0):
 garbage-first heap   total 138240K, used 121333K [0x0000000080000000, 0x0000000100000000)
  region size 1024K, 51 young (52224K), 5 survivors (5120K)
 Metaspace       used 92181K, committed 94208K, reserved 1179648K
  class space    used 12630K, committed 13632K, reserved 1048576K
}
Event: 20.154 GC heap after
{Heap after GC invocations=30 (full 0):
 garbage-first heap   total 138240K, used 76072K [0x0000000080000000, 0x0000000100000000)
  region size 1024K, 5 young (5120K), 5 survivors (5120K)
 Metaspace       used 92181K, committed 94208K, reserved 1179648K
  class space    used 12630K, committed 13632K, reserved 1048576K
}
Event: 20.995 GC heap before
{Heap before GC invocations=30 (full 0):
 garbage-first heap   total 138240K, used 122152K [0x0000000080000000, 0x0000000100000000)
  region size 1024K, 50 young (51200K), 5 survivors (5120K)
 Metaspace       used 95819K, committed 97856K, reserved 1179648K
  class space    used 13180K, committed 14208K, reserved 1048576K
}
Event: 21.004 GC heap after
{Heap after GC invocations=31 (full 0):
 garbage-first heap   total 138240K, used 78351K [0x0000000080000000, 0x0000000100000000)
  region size 1024K, 5 young (5120K), 5 survivors (5120K)
 Metaspace       used 95819K, committed 97856K, reserved 1179648K
  class space    used 13180K, committed 14208K, reserved 1048576K
}
Event: 21.913 GC heap before
{Heap before GC invocations=32 (full 0):
 garbage-first heap   total 138240K, used 124431K [0x0000000080000000, 0x0000000100000000)
  region size 1024K, 50 young (51200K), 5 survivors (5120K)
 Metaspace       used 99364K, committed 101568K, reserved 1179648K
  class space    used 13691K, committed 14784K, reserved 1048576K
}
Event: 21.924 GC heap after
{Heap after GC invocations=33 (full 0):
 garbage-first heap   total 138240K, used 81949K [0x0000000080000000, 0x0000000100000000)
  region size 1024K, 6 young (6144K), 6 survivors (6144K)
 Metaspace       used 99364K, committed 101568K, reserved 1179648K
  class space    used 13691K, committed 14784K, reserved 1048576K
}
Event: 22.733 GC heap before
{Heap before GC invocations=33 (full 0):
 garbage-first heap   total 138240K, used 121885K [0x0000000080000000, 0x0000000100000000)
  region size 1024K, 46 young (47104K), 6 survivors (6144K)
 Metaspace       used 101906K, committed 104064K, reserved 1179648K
  class space    used 14095K, committed 15168K, reserved 1048576K
}
Event: 22.746 GC heap after
{Heap after GC invocations=34 (full 0):
 garbage-first heap   total 138240K, used 86465K [0x0000000080000000, 0x0000000100000000)
  region size 1024K, 6 young (6144K), 6 survivors (6144K)
 Metaspace       used 101906K, committed 104064K, reserved 1179648K
  class space    used 14095K, committed 15168K, reserved 1048576K
}
Event: 23.209 GC heap before
{Heap before GC invocations=34 (full 0):
 garbage-first heap   total 138240K, used 121281K [0x0000000080000000, 0x0000000100000000)
  region size 1024K, 41 young (41984K), 6 survivors (6144K)
 Metaspace       used 102289K, committed 104448K, reserved 1179648K
  class space    used 14169K, committed 15232K, reserved 1048576K
}
Event: 23.218 GC heap after
{Heap after GC invocations=35 (full 0):
 garbage-first heap   total 165888K, used 88962K [0x0000000080000000, 0x0000000100000000)
  region size 1024K, 5 young (5120K), 5 survivors (5120K)
 Metaspace       used 102289K, committed 104448K, reserved 1179648K
  class space    used 14169K, committed 15232K, reserved 1048576K
}

